<?xml version="1.0" encoding="UTF-8"?>
<!-- Generated by org.testng.reporters.JUnitXMLReporter -->
<testsuite ignored="1" hostname="DESKTOP-IE7JN7O" failures="0" tests="5" name="Personal Loan" time="0.083" errors="0" timestamp="2024-11-21T17:15:06 IST">
  <testcase classname="TestPack.day1" name="Demo" time="0.012"/>
  <testcase classname="TestPack.day2" name="ploan" time="0.003"/>
  <testcase classname="TestPack.day4" name="apiHomeLogin" time="0.004"/>
  <testcase classname="TestPack.day4" name="mobHomeLogin" time="0.003"/>
  <testcase classname="TestPack.day4" name="webHomeLogin" time="0.004"/>
  <testcase classname="TestPack.day1" name="SecondTest" time="0.0">
    <ignored/>
  </testcase> <!-- SecondTest -->
</testsuite> <!-- Personal Loan -->
